build/app/intermediates/manifest_merge_blame_file/debug/manifest-merger-blame-debug-report.txt
1<?xml version="1.0" encoding="utf-8"?>
2<manifest xmlns:android="http://schemas.android.com/apk/res/android"
3    package="com.example.proyecto"
4    android:versionCode="1"
5    android:versionName="1.0.0" >
6
7    <uses-sdk
8        android:minSdkVersion="21"
9        android:targetSdkVersion="28" />
10    <!--
11         Flutter needs it to communicate with the running application
12         to allow setting breakpoints, to provide hot reload, etc.
13    -->
14    <uses-permission android:name="android.permission.INTERNET" />
14-->src\main\AndroidManifest.xml:9:5-68
14-->src\main\AndroidManifest.xml:9:22-66
15    <!--
16     io.flutter.app.FlutterApplication is an android.app.Application that
17         calls FlutterMain.startInitialization(this); in its onCreate method.
18         In most cases you can leave this as-is, but you if you want to provide
19         additional functionality it is fine to subclass or reimplement
20         FlutterApplication and put your custom class here.
21    -->
22    <uses-permission android:name="android.permission.ACCESS_NETWORK_STATE" />
22-->src\main\AndroidManifest.xml:8:5-80
22-->src\main\AndroidManifest.xml:8:22-78
23    <uses-permission android:name="android.permission.READ_EXTERNAL_STORAGE" />
23-->[:image_picker] AndroidManifest.xml:7:5-80
23-->[:image_picker] AndroidManifest.xml:7:22-77
24    <uses-permission android:name="android.permission.WRITE_EXTERNAL_STORAGE" />
24-->[:image_picker] AndroidManifest.xml:8:5-81
24-->[:image_picker] AndroidManifest.xml:8:22-78
25    <uses-permission android:name="android.permission.CAMERA" />
25-->[:camera] AndroidManifest.xml:7:5-65
25-->[:camera] AndroidManifest.xml:7:22-62
26    <uses-permission android:name="android.permission.RECORD_AUDIO" />
26-->[:camera] AndroidManifest.xml:8:5-71
26-->[:camera] AndroidManifest.xml:8:22-68
27
28    <application
28-->src\main\AndroidManifest.xml:10:5-38:19
29        android:name="io.flutter.app.FlutterApplication"
29-->src\main\AndroidManifest.xml:11:9-57
30        android:appComponentFactory="androidx.core.app.CoreComponentFactory"
30-->[androidx.core:core:1.1.0] AndroidManifest.xml:24:18-86
31        android:debuggable="true"
32        android:icon="@mipmap/ic_launcher"
32-->src\main\AndroidManifest.xml:13:9-43
33        android:label="proyecto" >
33-->src\main\AndroidManifest.xml:12:9-33
34        <activity
34-->src\main\AndroidManifest.xml:14:9-25:20
35            android:name="com.example.proyecto.MainActivity"
35-->src\main\AndroidManifest.xml:15:13-41
36            android:configChanges="orientation|keyboardHidden|keyboard|screenSize|smallestScreenSize|locale|layoutDirection|fontScale|screenLayout|density|uiMode"
36-->src\main\AndroidManifest.xml:18:13-163
37            android:hardwareAccelerated="true"
37-->src\main\AndroidManifest.xml:19:13-47
38            android:launchMode="singleTop"
38-->src\main\AndroidManifest.xml:16:13-43
39            android:theme="@style/LaunchTheme"
39-->src\main\AndroidManifest.xml:17:13-47
40            android:windowSoftInputMode="adjustResize" >
40-->src\main\AndroidManifest.xml:20:13-55
41            <intent-filter>
41-->src\main\AndroidManifest.xml:21:13-24:29
42                <action android:name="android.intent.action.MAIN" />
42-->src\main\AndroidManifest.xml:22:17-68
42-->src\main\AndroidManifest.xml:22:25-66
43
44                <category android:name="android.intent.category.LAUNCHER" />
44-->src\main\AndroidManifest.xml:23:17-76
44-->src\main\AndroidManifest.xml:23:27-74
45            </intent-filter>
46        </activity>
47        <activity
47-->src\main\AndroidManifest.xml:27:9-30:71
48            android:name="com.yalantis.ucrop.UCropActivity"
48-->src\main\AndroidManifest.xml:28:13-60
49            android:screenOrientation="portrait"
49-->src\main\AndroidManifest.xml:29:13-49
50            android:theme="@style/Theme.AppCompat.Light.NoActionBar" />
50-->src\main\AndroidManifest.xml:30:13-69
51
52        <!--
53             Don't delete the meta-data below.
54             This is used by the Flutter tool to generate GeneratedPluginRegistrant.java
55        -->
56        <meta-data
56-->src\main\AndroidManifest.xml:34:9-36:33
57            android:name="flutterEmbedding"
57-->src\main\AndroidManifest.xml:35:13-44
58            android:value="2" />
58-->src\main\AndroidManifest.xml:36:13-30
59
60        <provider
60-->[:image_picker] AndroidManifest.xml:11:9-19:20
61            android:name="io.flutter.plugins.imagepicker.ImagePickerFileProvider"
61-->[:image_picker] AndroidManifest.xml:12:13-82
62            android:authorities="com.example.proyecto.flutter.image_provider"
62-->[:image_picker] AndroidManifest.xml:13:13-74
63            android:exported="false"
63-->[:image_picker] AndroidManifest.xml:14:13-37
64            android:grantUriPermissions="true" >
64-->[:image_picker] AndroidManifest.xml:15:13-47
65            <meta-data
65-->[:image_picker] AndroidManifest.xml:16:13-18:75
66                android:name="android.support.FILE_PROVIDER_PATHS"
66-->[:image_picker] AndroidManifest.xml:17:17-67
67                android:resource="@xml/flutter_image_picker_file_paths" />
67-->[:image_picker] AndroidManifest.xml:18:17-72
68        </provider>
69
70        <service
70-->[:cloud_firestore] AndroidManifest.xml:8:9-12:19
71            android:name="com.google.firebase.components.ComponentDiscoveryService"
71-->[:cloud_firestore] AndroidManifest.xml:8:18-89
72            android:directBootAware="true"
72-->[com.google.firebase:firebase-common:19.3.0] AndroidManifest.xml:34:13-43
73            android:exported="false" >
73-->[com.google.firebase:firebase-auth:19.2.0] AndroidManifest.xml:35:13-37
74            <meta-data
74-->[:cloud_firestore] AndroidManifest.xml:9:13-11:85
75                android:name="com.google.firebase.components:io.flutter.plugins.firebase.cloudfirestore.FlutterFirebaseAppRegistrar"
75-->[:cloud_firestore] AndroidManifest.xml:10:17-133
76                android:value="com.google.firebase.components.ComponentRegistrar" />
76-->[:cloud_firestore] AndroidManifest.xml:11:17-82
77            <meta-data
77-->[:firebase_auth] AndroidManifest.xml:9:13-11:85
78                android:name="com.google.firebase.components:io.flutter.plugins.firebaseauth.FlutterFirebaseAppRegistrar"
78-->[:firebase_auth] AndroidManifest.xml:10:17-122
79                android:value="com.google.firebase.components.ComponentRegistrar" />
79-->[:firebase_auth] AndroidManifest.xml:11:17-82
80            <meta-data
80-->[:firebase_storage] AndroidManifest.xml:9:13-11:85
81                android:name="com.google.firebase.components:io.flutter.plugins.firebase.storage.FlutterFirebaseAppRegistrar"
81-->[:firebase_storage] AndroidManifest.xml:10:17-126
82                android:value="com.google.firebase.components.ComponentRegistrar" />
82-->[:firebase_storage] AndroidManifest.xml:11:17-82
83            <meta-data
83-->[:firebase_core] AndroidManifest.xml:9:13-11:85
84                android:name="com.google.firebase.components:io.flutter.plugins.firebase.core.FlutterFirebaseAppRegistrar"
84-->[:firebase_core] AndroidManifest.xml:10:17-123
85                android:value="com.google.firebase.components.ComponentRegistrar" />
85-->[:firebase_core] AndroidManifest.xml:11:17-82
86            <meta-data
86-->[com.google.firebase:firebase-auth:19.2.0] AndroidManifest.xml:36:13-38:85
87                android:name="com.google.firebase.components:com.google.firebase.auth.FirebaseAuthRegistrar"
87-->[com.google.firebase:firebase-auth:19.2.0] AndroidManifest.xml:37:17-109
88                android:value="com.google.firebase.components.ComponentRegistrar" />
88-->[com.google.firebase:firebase-auth:19.2.0] AndroidManifest.xml:38:17-82
89            <meta-data
89-->[com.google.firebase:firebase-firestore:21.3.0] AndroidManifest.xml:20:13-22:85
90                android:name="com.google.firebase.components:com.google.firebase.firestore.FirestoreRegistrar"
90-->[com.google.firebase:firebase-firestore:21.3.0] AndroidManifest.xml:21:17-111
91                android:value="com.google.firebase.components.ComponentRegistrar" />
91-->[com.google.firebase:firebase-firestore:21.3.0] AndroidManifest.xml:22:17-82
92            <meta-data
92-->[com.google.firebase:firebase-storage:17.0.0] AndroidManifest.xml:31:13-33:85
93                android:name="com.google.firebase.components:com.google.firebase.storage.StorageRegistrar"
93-->[com.google.firebase:firebase-storage:17.0.0] AndroidManifest.xml:32:17-107
94                android:value="com.google.firebase.components.ComponentRegistrar" />
94-->[com.google.firebase:firebase-storage:17.0.0] AndroidManifest.xml:33:17-82
95        </service>
96
97        <provider
97-->[:printing] AndroidManifest.xml:8:9-16:20
98            android:name="net.nfet.flutter.printing.PrintFileProvider"
98-->[:printing] AndroidManifest.xml:9:13-71
99            android:authorities="com.example.proyecto.flutter.printing"
99-->[:printing] AndroidManifest.xml:10:13-68
100            android:exported="false"
100-->[:printing] AndroidManifest.xml:11:13-37
101            android:grantUriPermissions="true" >
101-->[:printing] AndroidManifest.xml:12:13-47
102            <meta-data
102-->[:image_picker] AndroidManifest.xml:16:13-18:75
103                android:name="android.support.FILE_PROVIDER_PATHS"
103-->[:image_picker] AndroidManifest.xml:17:17-67
104                android:resource="@xml/flutter_printing_file_paths" />
104-->[:image_picker] AndroidManifest.xml:18:17-72
105        </provider>
106
107        <activity
107-->[com.google.firebase:firebase-auth:19.2.0] AndroidManifest.xml:24:9-31:50
108            android:name="com.google.firebase.auth.internal.FederatedSignInActivity"
108-->[com.google.firebase:firebase-auth:19.2.0] AndroidManifest.xml:25:13-85
109            android:excludeFromRecents="true"
109-->[com.google.firebase:firebase-auth:19.2.0] AndroidManifest.xml:26:13-46
110            android:exported="true"
110-->[com.google.firebase:firebase-auth:19.2.0] AndroidManifest.xml:27:13-36
111            android:launchMode="singleTask"
111-->[com.google.firebase:firebase-auth:19.2.0] AndroidManifest.xml:28:13-44
112            android:permission="com.google.firebase.auth.api.gms.permission.LAUNCH_FEDERATED_SIGN_IN"
112-->[com.google.firebase:firebase-auth:19.2.0] AndroidManifest.xml:29:13-102
113            android:theme="@android:style/Theme.Translucent.NoTitleBar" />
113-->[com.google.firebase:firebase-auth:19.2.0] AndroidManifest.xml:30:13-72
114
115        <provider
115-->[com.google.firebase:firebase-common:19.3.0] AndroidManifest.xml:26:9-30:39
116            android:name="com.google.firebase.provider.FirebaseInitProvider"
116-->[com.google.firebase:firebase-common:19.3.0] AndroidManifest.xml:27:13-77
117            android:authorities="com.example.proyecto.firebaseinitprovider"
117-->[com.google.firebase:firebase-common:19.3.0] AndroidManifest.xml:28:13-72
118            android:exported="false"
118-->[com.google.firebase:firebase-common:19.3.0] AndroidManifest.xml:29:13-37
119            android:initOrder="100" />
119-->[com.google.firebase:firebase-common:19.3.0] AndroidManifest.xml:30:13-36
120
121        <activity
121-->[com.google.android.gms:play-services-auth:16.0.1] AndroidManifest.xml:23:9-27:75
122            android:name="com.google.android.gms.auth.api.signin.internal.SignInHubActivity"
122-->[com.google.android.gms:play-services-auth:16.0.1] AndroidManifest.xml:24:13-93
123            android:excludeFromRecents="true"
123-->[com.google.android.gms:play-services-auth:16.0.1] AndroidManifest.xml:25:13-46
124            android:exported="false"
124-->[com.google.android.gms:play-services-auth:16.0.1] AndroidManifest.xml:26:13-37
125            android:theme="@android:style/Theme.Translucent.NoTitleBar" />
125-->[com.google.android.gms:play-services-auth:16.0.1] AndroidManifest.xml:27:13-72
126        <!--
127            Service handling Google Sign-In user revocation. For apps that do not integrate with
128            Google Sign-In, this service will never be started.
129        -->
130        <service
130-->[com.google.android.gms:play-services-auth:16.0.1] AndroidManifest.xml:33:9-36:110
131            android:name="com.google.android.gms.auth.api.signin.RevocationBoundService"
131-->[com.google.android.gms:play-services-auth:16.0.1] AndroidManifest.xml:34:13-89
132            android:exported="true"
132-->[com.google.android.gms:play-services-auth:16.0.1] AndroidManifest.xml:35:13-36
133            android:permission="com.google.android.gms.auth.api.signin.permission.REVOCATION_NOTIFICATION" />
133-->[com.google.android.gms:play-services-auth:16.0.1] AndroidManifest.xml:36:13-107
134
135        <activity
135-->[com.google.android.gms:play-services-base:17.1.0] AndroidManifest.xml:23:9-26:75
136            android:name="com.google.android.gms.common.api.GoogleApiActivity"
136-->[com.google.android.gms:play-services-base:17.1.0] AndroidManifest.xml:24:13-79
137            android:exported="false"
137-->[com.google.android.gms:play-services-base:17.1.0] AndroidManifest.xml:25:13-37
138            android:theme="@android:style/Theme.Translucent.NoTitleBar" />
138-->[com.google.android.gms:play-services-base:17.1.0] AndroidManifest.xml:26:13-72
139
140        <meta-data
140-->[com.google.android.gms:play-services-basement:17.0.0] AndroidManifest.xml:23:9-25:69
141            android:name="com.google.android.gms.version"
141-->[com.google.android.gms:play-services-basement:17.0.0] AndroidManifest.xml:24:13-58
142            android:value="@integer/google_play_services_version" />
142-->[com.google.android.gms:play-services-basement:17.0.0] AndroidManifest.xml:25:13-66
143    </application>
144
145</manifest>